#
# There is insufficient memory for the Java Runtime Environment to continue.
# Native memory allocation (malloc) failed to allocate 32744 bytes for ChunkPool::allocate
# Possible reasons:
#   The system is out of physical RAM or swap space
#   In 32 bit mode, the process size limit was hit
# Possible solutions:
#   Reduce memory load on the system
#   Increase physical memory or swap space
#   Check if swap backing store is full
#   Use 64 bit Java on a 64 bit OS
#   Decrease Java heap size (-Xmx/-Xms)
#   Decrease number of Java threads
#   Decrease Java thread stack sizes (-Xss)
#   Set larger code cache with -XX:ReservedCodeCacheSize=
# This output file may be truncated or incomplete.
#
#  Out of Memory Error (allocation.cpp:273), pid=2776, tid=0x0000000000000020
#
# JRE version: Java(TM) SE Runtime Environment (8.0_191-b12) (build 1.8.0_191-b12)
# Java VM: Java HotSpot(TM) 64-Bit Server VM (25.191-b12 mixed mode windows-amd64 compressed oops)
# Failed to write core dump. Minidumps are not enabled by default on client versions of Windows
#

---------------  T H R E A D  ---------------

Current thread (0x0000000013aff000):  JavaThread "C1 CompilerThread1" daemon [_thread_in_native, id=32, stack(0x0000000014c20000,0x0000000014d20000)]

Stack: [0x0000000014c20000,0x0000000014d20000]
[error occurred during error reporting (printing stack bounds), id 0xc0000005]

Native frames: (J=compiled Java code, j=interpreted, Vv=VM code, C=native code)


Current CompileTask:
C1:  45822 1504       3       org.openqa.selenium.json.JsonInput::expect (174 bytes)


---------------  P R O C E S S  ---------------

Java Threads: ( => current thread )
  0x00000000150b9000 JavaThread "Okio Watchdog" daemon [_thread_blocked, id=7476, stack(0x0000000016f00000,0x0000000017000000)]
  0x00000000156f1800 JavaThread "OkHttp ConnectionPool" daemon [_thread_blocked, id=8960, stack(0x0000000016e00000,0x0000000016f00000)]
  0x0000000015a42000 JavaThread "Exec Stream Pumper" daemon [_thread_in_native, id=4604, stack(0x0000000016800000,0x0000000016900000)]
  0x0000000015a3a000 JavaThread "Exec Stream Pumper" daemon [_thread_in_native, id=316, stack(0x0000000016700000,0x0000000016800000)]
  0x0000000015a37800 JavaThread "UrlChecker-2" daemon [_thread_blocked, id=8116, stack(0x0000000016500000,0x0000000016600000)]
  0x0000000015aee000 JavaThread "Exec Default Executor" daemon [_thread_in_native, id=6372, stack(0x0000000016400000,0x0000000016500000)]
  0x0000000015063800 JavaThread "surefire-forkedjvm-ping-30s" daemon [_thread_blocked, id=9100, stack(0x0000000015420000,0x0000000015520000)]
  0x000000001500d000 JavaThread "surefire-forkedjvm-command-thread" daemon [_thread_in_native, id=5128, stack(0x0000000015320000,0x0000000015420000)]
  0x0000000013b7d800 JavaThread "Service Thread" daemon [_thread_blocked, id=9112, stack(0x0000000014d20000,0x0000000014e20000)]
=>0x0000000013aff000 JavaThread "C1 CompilerThread1" daemon [_thread_in_native, id=32, stack(0x0000000014c20000,0x0000000014d20000)]
  0x0000000013afc000 JavaThread "C2 CompilerThread0" daemon [_thread_blocked, id=8620, stack(0x0000000014b20000,0x0000000014c20000)]
  0x0000000013af9800 JavaThread "Attach Listener" daemon [_thread_blocked, id=3840, stack(0x0000000014a20000,0x0000000014b20000)]
  0x0000000013af6000 JavaThread "Signal Dispatcher" daemon [_thread_blocked, id=5472, stack(0x0000000014920000,0x0000000014a20000)]
  0x0000000013ae8800 JavaThread "Finalizer" daemon [_thread_blocked, id=6112, stack(0x0000000014740000,0x0000000014840000)]
  0x000000000200e800 JavaThread "Reference Handler" daemon [_thread_blocked, id=8720, stack(0x0000000014640000,0x0000000014740000)]
  0x0000000001e1d800 JavaThread "main" [_thread_in_vm, id=4288, stack(0x0000000001e20000,0x0000000001f20000)]

Other Threads:
  0x0000000013ac6000 VMThread [stack: 0x0000000014540000,0x0000000014640000] [id=8824]
  0x0000000013b82800 WatcherThread [stack: 0x0000000014e20000,0x0000000014f20000] [id=1040]

VM state:not at safepoint (normal execution)

VM Mutex/Monitor currently owned by a thread: None

Heap:
 PSYoungGen      total 14336K, used 6921K [0x00000000f0300000, 0x00000000f1f00000, 0x0000000100000000)
  eden space 12288K, 39% used [0x00000000f0300000,0x00000000f07ca480,0x00000000f0f00000)
  from space 2048K, 98% used [0x00000000f1100000,0x00000000f12f8030,0x00000000f1300000)
  to   space 2048K, 0% used [0x00000000f0f00000,0x00000000f0f00000,0x00000000f1100000)
 ParOldGen       total 32768K, used 6705K [0x00000000d0800000, 0x00000000d2800000, 0x00000000f0300000)
  object space 32768K, 20% used [0x00000000d0800000,0x00000000d0e8c440,0x00000000d2800000)
 Metaspace       used 17292K, capacity 18072K, committed 18304K, reserved 1064960K
  class space    used 2171K, capacity 2368K, committed 2432K, reserved 1048576K

Card table byte_map: [0x00000000113e0000,0x0000000011560000] byte_map_base: 0x0000000010d5c000

Marking Bits: (ParMarkBitMap*) 0x000000005ab83e30
 Begin Bits: [0x0000000011860000, 0x0000000012440000)
 End Bits:   [0x0000000012440000, 0x0000000013020000)

Polling page: 0x0000000000360000

CodeCache: size=245760Kb used=5231Kb max_used=5231Kb free=240528Kb
 bounds [0x0000000002020000, 0x0000000002540000, 0x0000000011020000]
 total_blobs=1932 nmethods=1503 adapters=343
 compilation: enabled

Compilation events (10 events):
Event: 39.350 Thread 0x0000000013aff000 nmethod 1499 0x000000000253cf90 code [0x000000000253d0e0, 0x000000000253d1f0]
Event: 44.357 Thread 0x0000000013aff000 1500       1       java.util.concurrent.locks.AbstractOwnableSynchronizer::getExclusiveOwnerThread (5 bytes)
Event: 44.357 Thread 0x0000000013aff000 nmethod 1500 0x000000000253d250 code [0x000000000253d3a0, 0x000000000253d4b0]
Event: 45.629 Thread 0x0000000013aff000 1501       3       java.util.stream.StreamOpFlag::combineOpFlags (9 bytes)
Event: 45.629 Thread 0x0000000013aff000 nmethod 1501 0x000000000253d510 code [0x000000000253d680, 0x000000000253d890]
Event: 45.629 Thread 0x0000000013aff000 1502       3       java.util.stream.StreamOpFlag::getMask (30 bytes)
Event: 45.629 Thread 0x0000000013aff000 nmethod 1502 0x000000000253d950 code [0x000000000253daa0, 0x000000000253dc50]
Event: 45.629 Thread 0x0000000013aff000 1503       3       java.util.ArrayDeque::removeFirst (19 bytes)
Event: 45.630 Thread 0x0000000013aff000 nmethod 1503 0x000000000253dcd0 code [0x000000000253de60, 0x000000000253e0f8]
Event: 45.630 Thread 0x0000000013aff000 1504       3       org.openqa.selenium.json.JsonInput::expect (174 bytes)

GC Heap History (8 events):
Event: 2.884 GC heap before
{Heap before GC invocations=1 (full 0):
 PSYoungGen      total 14336K, used 12288K [0x00000000f0300000, 0x00000000f1300000, 0x0000000100000000)
  eden space 12288K, 100% used [0x00000000f0300000,0x00000000f0f00000,0x00000000f0f00000)
  from space 2048K, 0% used [0x00000000f1100000,0x00000000f1100000,0x00000000f1300000)
  to   space 2048K, 0% used [0x00000000f0f00000,0x00000000f0f00000,0x00000000f1100000)
 ParOldGen       total 32768K, used 0K [0x00000000d0800000, 0x00000000d2800000, 0x00000000f0300000)
  object space 32768K, 0% used [0x00000000d0800000,0x00000000d0800000,0x00000000d2800000)
 Metaspace       used 8026K, capacity 8164K, committed 8448K, reserved 1056768K
  class space    used 930K, capacity 976K, committed 1024K, reserved 1048576K
Event: 2.895 GC heap after
Heap after GC invocations=1 (full 0):
 PSYoungGen      total 14336K, used 2029K [0x00000000f0300000, 0x00000000f1300000, 0x0000000100000000)
  eden space 12288K, 0% used [0x00000000f0300000,0x00000000f0300000,0x00000000f0f00000)
  from space 2048K, 99% used [0x00000000f0f00000,0x00000000f10fb4c8,0x00000000f1100000)
  to   space 2048K, 0% used [0x00000000f1100000,0x00000000f1100000,0x00000000f1300000)
 ParOldGen       total 32768K, used 993K [0x00000000d0800000, 0x00000000d2800000, 0x00000000f0300000)
  object space 32768K, 3% used [0x00000000d0800000,0x00000000d08f8560,0x00000000d2800000)
 Metaspace       used 8026K, capacity 8164K, committed 8448K, reserved 1056768K
  class space    used 930K, capacity 976K, committed 1024K, reserved 1048576K
}
Event: 3.768 GC heap before
{Heap before GC invocations=2 (full 0):
 PSYoungGen      total 14336K, used 14317K [0x00000000f0300000, 0x00000000f1300000, 0x0000000100000000)
  eden space 12288K, 100% used [0x00000000f0300000,0x00000000f0f00000,0x00000000f0f00000)
  from space 2048K, 99% used [0x00000000f0f00000,0x00000000f10fb4c8,0x00000000f1100000)
  to   space 2048K, 0% used [0x00000000f1100000,0x00000000f1100000,0x00000000f1300000)
 ParOldGen       total 32768K, used 993K [0x00000000d0800000, 0x00000000d2800000, 0x00000000f0300000)
  object space 32768K, 3% used [0x00000000d0800000,0x00000000d08f8560,0x00000000d2800000)
 Metaspace       used 11983K, capacity 12190K, committed 12544K, reserved 1060864K
  class space    used 1419K, capacity 1506K, committed 1536K, reserved 1048576K
Event: 3.781 GC heap after
Heap after GC invocations=2 (full 0):
 PSYoungGen      total 14336K, used 2032K [0x00000000f0300000, 0x00000000f1300000, 0x0000000100000000)
  eden space 12288K, 0% used [0x00000000f0300000,0x00000000f0300000,0x00000000f0f00000)
  from space 2048K, 99% used [0x00000000f1100000,0x00000000f12fc040,0x00000000f1300000)
  to   space 2048K, 0% used [0x00000000f0f00000,0x00000000f0f00000,0x00000000f1100000)
 ParOldGen       total 32768K, used 2760K [0x00000000d0800000, 0x00000000d2800000, 0x00000000f0300000)
  object space 32768K, 8% used [0x00000000d0800000,0x00000000d0ab2288,0x00000000d2800000)
 Metaspace       used 11983K, capacity 12190K, committed 12544K, reserved 1060864K
  class space    used 1419K, capacity 1506K, committed 1536K, reserved 1048576K
}
Event: 5.662 GC heap before
{Heap before GC invocations=3 (full 0):
 PSYoungGen      total 14336K, used 14320K [0x00000000f0300000, 0x00000000f1300000, 0x0000000100000000)
  eden space 12288K, 100% used [0x00000000f0300000,0x00000000f0f00000,0x00000000f0f00000)
  from space 2048K, 99% used [0x00000000f1100000,0x00000000f12fc040,0x00000000f1300000)
  to   space 2048K, 0% used [0x00000000f0f00000,0x00000000f0f00000,0x00000000f1100000)
 ParOldGen       total 32768K, used 2760K [0x00000000d0800000, 0x00000000d2800000, 0x00000000f0300000)
  object space 32768K, 8% used [0x00000000d0800000,0x00000000d0ab2288,0x00000000d2800000)
 Metaspace       used 13867K, capacity 14170K, committed 14464K, reserved 1062912K
  class space    used 1668K, capacity 1801K, committed 1920K, reserved 1048576K
Event: 5.674 GC heap after
Heap after GC invocations=3 (full 0):
 PSYoungGen      total 14336K, used 2032K [0x00000000f0300000, 0x00000000f1300000, 0x0000000100000000)
  eden space 12288K, 0% used [0x00000000f0300000,0x00000000f0300000,0x00000000f0f00000)
  from space 2048K, 99% used [0x00000000f0f00000,0x00000000f10fc020,0x00000000f1100000)
  to   space 2048K, 0% used [0x00000000f1100000,0x00000000f1100000,0x00000000f1300000)
 ParOldGen       total 32768K, used 4666K [0x00000000d0800000, 0x00000000d2800000, 0x00000000f0300000)
  object space 32768K, 14% used [0x00000000d0800000,0x00000000d0c8eae0,0x00000000d2800000)
 Metaspace       used 13867K, capacity 14170K, committed 14464K, reserved 1062912K
  class space    used 1668K, capacity 1801K, committed 1920K, reserved 1048576K
}
Event: 6.183 GC heap before
{Heap before GC invocations=4 (full 0):
 PSYoungGen      total 14336K, used 14320K [0x00000000f0300000, 0x00000000f1300000, 0x0000000100000000)
  eden space 12288K, 100% used [0x00000000f0300000,0x00000000f0f00000,0x00000000f0f00000)
  from space 2048K, 99% used [0x00000000f0f00000,0x00000000f10fc020,0x00000000f1100000)
  to   space 2048K, 0% used [0x00000000f1100000,0x00000000f1100000,0x00000000f1300000)
 ParOldGen       total 32768K, used 4666K [0x00000000d0800000, 0x00000000d2800000, 0x00000000f0300000)
  object space 32768K, 14% used [0x00000000d0800000,0x00000000d0c8eae0,0x00000000d2800000)
 Metaspace       used 16270K, capacity 16956K, committed 17152K, reserved 1064960K
  class space    used 2042K, capacity 2218K, committed 2304K, reserved 1048576K
Event: 6.199 GC heap after
Heap after GC invocations=4 (full 0):
 PSYoungGen      total 14336K, used 2016K [0x00000000f0300000, 0x00000000f1f00000, 0x0000000100000000)
  eden space 12288K, 0% used [0x00000000f0300000,0x00000000f0300000,0x00000000f0f00000)
  from space 2048K, 98% used [0x00000000f1100000,0x00000000f12f8030,0x00000000f1300000)
  to   space 2048K, 0% used [0x00000000f0f00000,0x00000000f0f00000,0x00000000f1100000)
 ParOldGen       total 32768K, used 6705K [0x00000000d0800000, 0x00000000d2800000, 0x00000000f0300000)
  object space 32768K, 20% used [0x00000000d0800000,0x00000000d0e8c440,0x00000000d2800000)
 Metaspace       used 16270K, capacity 16956K, committed 17152K, reserved 1064960K
  class space    used 2042K, capacity 2218K, committed 2304K, reserved 1048576K
}

Deoptimization events (10 events):
Event: 5.981 Thread 0x0000000001e1d800 Uncommon trap: reason=class_check action=maybe_recompile pc=0x00000000023dc6a8 method=java.util.regex.Pattern$Curly.match(Ljava/util/regex/Matcher;ILjava/lang/CharSequence;)Z @ 19
Event: 6.090 Thread 0x0000000001e1d800 Uncommon trap: reason=unstable_if action=reinterpret pc=0x000000000245c6e8 method=java.util.regex.Pattern$BmpCharProperty.match(Ljava/util/regex/Matcher;ILjava/lang/CharSequence;)Z @ 34
Event: 35.498 Thread 0x0000000001e1d800 Uncommon trap: reason=class_check action=maybe_recompile pc=0x00000000023bb314 method=java.util.HashMap.putVal(ILjava/lang/Object;Ljava/lang/Object;ZZ)Ljava/lang/Object; @ 203
Event: 35.987 Thread 0x0000000001e1d800 Uncommon trap: reason=class_check action=maybe_recompile pc=0x00000000023bb314 method=java.util.HashMap.putVal(ILjava/lang/Object;Ljava/lang/Object;ZZ)Ljava/lang/Object; @ 203
Event: 35.999 Thread 0x0000000001e1d800 Uncommon trap: reason=unstable_if action=reinterpret pc=0x0000000002249fbc method=java.util.HashMap.getNode(ILjava/lang/Object;)Ljava/util/HashMap$Node; @ 129
Event: 35.999 Thread 0x0000000001e1d800 Uncommon trap: reason=class_check action=maybe_recompile pc=0x00000000023bb314 method=java.util.HashMap.putVal(ILjava/lang/Object;Ljava/lang/Object;ZZ)Ljava/lang/Object; @ 203
Event: 35.999 Thread 0x0000000001e1d800 Uncommon trap: reason=unstable_if action=reinterpret pc=0x000000000224b424 method=java.util.HashMap.getNode(ILjava/lang/Object;)Ljava/util/HashMap$Node; @ 129
Event: 36.098 Thread 0x0000000001e1d800 Uncommon trap: reason=class_check action=maybe_recompile pc=0x00000000023bb314 method=java.util.HashMap.putVal(ILjava/lang/Object;Ljava/lang/Object;ZZ)Ljava/lang/Object; @ 203
Event: 36.099 Thread 0x0000000001e1d800 Uncommon trap: reason=class_check action=maybe_recompile pc=0x00000000023a82b4 method=java.util.HashMap.putVal(ILjava/lang/Object;Ljava/lang/Object;ZZ)Ljava/lang/Object; @ 203
Event: 36.402 Thread 0x0000000001e1d800 Uncommon trap: reason=unstable_if action=reinterpret pc=0x000000000252c040 method=java.util.concurrent.ConcurrentHashMap.putVal(Ljava/lang/Object;Ljava/lang/Object;Z)Ljava/lang/Object; @ 206

Classes redefined (0 events):
No events

Internal exceptions (10 events):
Event: 5.703 Thread 0x0000000001e1d800 Exception <a 'java/lang/ArrayIndexOutOfBoundsException'> (0x00000000f03d58c0) thrown at [C:\re\workspace\8-2-build-windows-amd64-cygwin\jdk8u191\11896\hotspot\src\share\vm\runtime\sharedRuntime.cpp, line 605]
Event: 5.704 Thread 0x0000000001e1d800 Exception <a 'java/lang/ArrayIndexOutOfBoundsException'> (0x00000000f03d6e58) thrown at [C:\re\workspace\8-2-build-windows-amd64-cygwin\jdk8u191\11896\hotspot\src\share\vm\runtime\sharedRuntime.cpp, line 605]
Event: 5.705 Thread 0x0000000001e1d800 Exception <a 'java/lang/ArrayIndexOutOfBoundsException'> (0x00000000f03d8398) thrown at [C:\re\workspace\8-2-build-windows-amd64-cygwin\jdk8u191\11896\hotspot\src\share\vm\runtime\sharedRuntime.cpp, line 605]
Event: 5.705 Thread 0x0000000001e1d800 Exception <a 'java/lang/ArrayIndexOutOfBoundsException'> (0x00000000f03d97f8) thrown at [C:\re\workspace\8-2-build-windows-amd64-cygwin\jdk8u191\11896\hotspot\src\share\vm\runtime\sharedRuntime.cpp, line 605]
Event: 5.706 Thread 0x0000000001e1d800 Exception <a 'java/lang/ArrayIndexOutOfBoundsException'> (0x00000000f03dfb50) thrown at [C:\re\workspace\8-2-build-windows-amd64-cygwin\jdk8u191\11896\hotspot\src\share\vm\runtime\sharedRuntime.cpp, line 605]
Event: 5.707 Thread 0x0000000001e1d800 Exception <a 'java/lang/ArrayIndexOutOfBoundsException'> (0x00000000f03e5380) thrown at [C:\re\workspace\8-2-build-windows-amd64-cygwin\jdk8u191\11896\hotspot\src\share\vm\runtime\sharedRuntime.cpp, line 605]
Event: 5.806 Thread 0x0000000001e1d800 Exception <a 'java/lang/NoSuchMethodError': java.lang.Object.lambda$chars$0()Ljava/util/Spliterator$OfInt;> (0x00000000f05efcb8) thrown at [C:\re\workspace\8-2-build-windows-amd64-cygwin\jdk8u191\11896\hotspot\src\share\vm\interpreter\linkResolver.cpp, li
Event: 35.487 Thread 0x0000000001e1d800 Exception <a 'java/lang/NoSuchMethodError': java.lang.Object.lambda$getResponseFunction$0(Lorg/openqa/selenium/remote/InitialHandshakeResponse;)Lorg/openqa/selenium/remote/ProtocolHandshake$Result;> (0x00000000f04a3738) thrown at [C:\re\workspace\8-2-buil
Event: 36.404 Thread 0x0000000001e1d800 Exception <a 'java/lang/NoSuchMethodError': java.lang.Object.lambda$static$0(Ljava/time/Duration;)V> (0x00000000f0779da8) thrown at [C:\re\workspace\8-2-build-windows-amd64-cygwin\jdk8u191\11896\hotspot\src\share\vm\interpreter\linkResolver.cpp, line 620]
Event: 36.489 Thread 0x0000000001e1d800 Exception <a 'java/net/SocketTimeoutException': Read timed out> (0x00000000f07ada18) thrown at [C:\re\workspace\8-2-build-windows-amd64-cygwin\jdk8u191\11896\hotspot\src\share\vm\prims\jni.cpp, line 735]

Events (10 events):
Event: 36.489 loading class sun/net/ConnectionResetException
Event: 36.489 loading class sun/net/ConnectionResetException done
Event: 37.960 loading class org/openqa/selenium/json/JsonInput
Event: 37.960 loading class org/openqa/selenium/json/JsonInput done
Event: 37.960 loading class org/openqa/selenium/json/JsonInput
Event: 37.960 loading class org/openqa/selenium/json/JsonInput done
Event: 37.960 loading class org/openqa/selenium/json/ResponseCoercer
Event: 37.960 loading class org/openqa/selenium/json/ResponseCoercer done
Event: 45.630 loading class utility/ConfigProperties
Event: 45.630 loading class utility/ConfigProperties done


Dynamic libraries:
0x00007ff7119f0000 - 0x00007ff711a27000 	C:\Program Files\Java\jre1.8.0_191\bin\java.exe
0x00007ffd73fd0000 - 0x00007ffd7417d000 	C:\Windows\SYSTEM32\ntdll.dll
0x00007ffd725e0000 - 0x00007ffd7271e000 	C:\Windows\system32\KERNEL32.DLL
0x00007ffd712b0000 - 0x00007ffd713c6000 	C:\Windows\system32\KERNELBASE.dll
0x00007ffd6fcc0000 - 0x00007ffd6fd4e000 	C:\Windows\system32\apphelp.dll
0x00007ffd61f70000 - 0x00007ffd61fc4000 	C:\Windows\AppPatch\AppPatch64\AcGenral.DLL
0x00007ffd716c0000 - 0x00007ffd7176a000 	C:\Windows\system32\msvcrt.dll
0x00007ffd71220000 - 0x00007ffd7124e000 	C:\Windows\system32\SspiCli.dll
0x00007ffd717e0000 - 0x00007ffd71834000 	C:\Windows\system32\SHLWAPI.dll
0x00007ffd72300000 - 0x00007ffd72477000 	C:\Windows\system32\USER32.dll
0x00007ffd719a0000 - 0x00007ffd71b34000 	C:\Windows\system32\ole32.dll
0x00007ffd72aa0000 - 0x00007ffd73fcb000 	C:\Windows\system32\SHELL32.dll
0x00007ffd70720000 - 0x00007ffd70741000 	C:\Windows\SYSTEM32\USERENV.dll
0x00007ffd727d0000 - 0x00007ffd7287a000 	C:\Windows\system32\ADVAPI32.dll
0x00007ffd6b3b0000 - 0x00007ffd6b3ce000 	C:\Windows\SYSTEM32\MPR.dll
0x00007ffd71d60000 - 0x00007ffd71ea0000 	C:\Windows\system32\RPCRT4.dll
0x00007ffd71840000 - 0x00007ffd71899000 	C:\Windows\SYSTEM32\sechost.dll
0x00007ffd71b40000 - 0x00007ffd71d50000 	C:\Windows\SYSTEM32\combase.dll
0x00007ffd72880000 - 0x00007ffd729cc000 	C:\Windows\system32\GDI32.dll
0x00007ffd71100000 - 0x00007ffd71115000 	C:\Windows\SYSTEM32\profapi.dll
0x00007ffd6f320000 - 0x00007ffd6f3d2000 	C:\Windows\SYSTEM32\SHCORE.dll
0x00007ffd72790000 - 0x00007ffd727c6000 	C:\Windows\system32\IMM32.DLL
0x00007ffd72480000 - 0x00007ffd725d1000 	C:\Windows\system32\MSCTF.dll
0x00007ffd6ee30000 - 0x00007ffd6f0ab000 	C:\Windows\WinSxS\amd64_microsoft.windows.common-controls_6595b64144ccf1df_6.0.9600.18006_none_623f33d3ecbe86e8\COMCTL32.dll
0x000000005a280000 - 0x000000005a352000 	C:\Program Files\Java\jre1.8.0_191\bin\msvcr100.dll
0x000000005a360000 - 0x000000005ac04000 	C:\Program Files\Java\jre1.8.0_191\bin\server\jvm.dll
0x00007ffd6fb90000 - 0x00007ffd6fb99000 	C:\Windows\SYSTEM32\WSOCK32.dll
0x00007ffd6fac0000 - 0x00007ffd6fae2000 	C:\Windows\SYSTEM32\WINMM.dll
0x00007ffd6ac80000 - 0x00007ffd6ac8a000 	C:\Windows\SYSTEM32\VERSION.dll
0x00007ffd72a90000 - 0x00007ffd72a97000 	C:\Windows\system32\PSAPI.DLL
0x00007ffd71770000 - 0x00007ffd717ca000 	C:\Windows\system32\WS2_32.dll
0x00007ffd6f2c0000 - 0x00007ffd6f2ea000 	C:\Windows\SYSTEM32\WINMMBASE.dll
0x00007ffd717d0000 - 0x00007ffd717d9000 	C:\Windows\system32\NSI.dll
0x00007ffd711d0000 - 0x00007ffd7121f000 	C:\Windows\SYSTEM32\cfgmgr32.dll
0x00007ffd6ff20000 - 0x00007ffd6ff48000 	C:\Windows\SYSTEM32\DEVOBJ.dll
0x000000005a270000 - 0x000000005a27f000 	C:\Program Files\Java\jre1.8.0_191\bin\verify.dll
0x000000005a240000 - 0x000000005a269000 	C:\Program Files\Java\jre1.8.0_191\bin\java.dll
0x000000005a220000 - 0x000000005a236000 	C:\Program Files\Java\jre1.8.0_191\bin\zip.dll
0x000000005a190000 - 0x000000005a19d000 	C:\Program Files\Java\jre1.8.0_191\bin\management.dll
0x00007ffd70a60000 - 0x00007ffd70a80000 	C:\Windows\SYSTEM32\CRYPTSP.dll
0x00007ffd70610000 - 0x00007ffd70646000 	C:\Windows\system32\rsaenh.dll
0x00007ffd70cb0000 - 0x00007ffd70cd6000 	C:\Windows\SYSTEM32\bcrypt.dll
0x00007ffd70fd0000 - 0x00007ffd71033000 	C:\Windows\system32\bcryptprimitives.dll
0x00007ffd71040000 - 0x00007ffd7104b000 	C:\Windows\SYSTEM32\CRYPTBASE.dll
0x000000005a200000 - 0x000000005a21a000 	C:\Program Files\Java\jre1.8.0_191\bin\net.dll
0x00007ffd70a00000 - 0x00007ffd70a59000 	C:\Windows\system32\mswsock.dll
0x00007ffd6cdc0000 - 0x00007ffd6cdea000 	C:\Windows\SYSTEM32\IPHLPAPI.DLL
0x00007ffd6cda0000 - 0x00007ffd6cdaa000 	C:\Windows\SYSTEM32\WINNSI.DLL
0x00007ffd6c850000 - 0x00007ffd6c866000 	C:\Windows\SYSTEM32\dhcpcsvc6.DLL
0x00007ffd6ca50000 - 0x00007ffd6ca6a000 	C:\Windows\SYSTEM32\dhcpcsvc.DLL
0x000000005a1e0000 - 0x000000005a1f1000 	C:\Program Files\Java\jre1.8.0_191\bin\nio.dll
0x00007ffd70790000 - 0x00007ffd70834000 	C:\Windows\SYSTEM32\DNSAPI.dll
0x00007ffd60c50000 - 0x00007ffd60c5a000 	C:\Windows\System32\rasadhlp.dll
0x00007ffd6c880000 - 0x00007ffd6c8eb000 	C:\Windows\System32\fwpuclnt.dll
0x000000005a1b0000 - 0x000000005a1d4000 	C:\Program Files\Java\jre1.8.0_191\bin\sunec.dll
0x000000005a1a0000 - 0x000000005a1ab000 	C:\Program Files\Java\jre1.8.0_191\bin\sunmscapi.dll
0x00007ffd71480000 - 0x00007ffd7165f000 	C:\Windows\system32\CRYPT32.dll
0x00007ffd711b0000 - 0x00007ffd711c1000 	C:\Windows\system32\MSASN1.dll

VM Arguments:
java_command: C:\Users\chetan\AppData\Local\Temp\surefire6199583530431724032\surefirebooter1091409315253606157.jar C:\Users\chetan\AppData\Local\Temp\surefire6199583530431724032 2019-01-11T14-52-14_491-jvmRun1 surefire2025493068529715636tmp surefire_05662375427461241479tmp
java_class_path (initial): C:\Users\chetan\AppData\Local\Temp\surefire6199583530431724032\surefirebooter1091409315253606157.jar
Launcher Type: SUN_STANDARD

Environment Variables:
JAVA_HOME=C:\Program Files\Java\jdk1.8.0_191
PATH=C:/Program Files/Java/jre1.8.0_191/bin/server;C:/Program Files/Java/jre1.8.0_191/bin;C:/Program Files/Java/jre1.8.0_191/lib/amd64;C:\Program Files (x86)\Common Files\Oracle\Java\javapath;C:\Windows\system32;C:\Windows;C:\Windows\System32\Wbem;C:\Windows\System32\WindowsPowerShell\v1.0\;C:\Program Files\Java\jdk1.8.0_191\bin;D:\java_prg\Recordings_KetanSir\28-dec-18 10 AM\apache-maven-3.3.3\bin;D:\java_prg\Recordings_KetanSir\03-Jan-19 10 AM\apache-ant-1.9.4\apache-ant-1.9.4\bin;;D:\eclipse\eclipse;
USERNAME=chetan
OS=Windows_NT
PROCESSOR_IDENTIFIER=Intel64 Family 6 Model 23 Stepping 10, GenuineIntel



---------------  S Y S T E M  ---------------

OS: Windows 8.1 , 64 bit Build 9600 (6.3.9600.17415)

CPU:total 2 (initial active 2) (2 cores per cpu, 1 threads per core) family 6 model 23 stepping 10, cmov, cx8, fxsr, mmx, sse, sse2, sse3, ssse3, sse4.1, tsc

Memory: 4k page, physical 3105136k(281784k free), swap 6250864k(51844k free)

vm_info: Java HotSpot(TM) 64-Bit Server VM (25.191-b12) for windows-amd64 JRE (1.8.0_191-b12), built on Oct  6 2018 09:29:03 by "java_re" with MS VC++ 10.0 (VS2010)

time: Fri Jan 11 14:53:08 2019
elapsed time: 46 seconds (0d 0h 0m 46s)

